<?xml version="1.0" encoding="UTF-8"?>
<testsuite xmlns:xsi="http://www.w3.org/2001/XMLSchema-instance" xsi:noNamespaceSchemaLocation="https://maven.apache.org/surefire/maven-surefire-plugin/xsd/surefire-test-report.xsd" name="net.zammarchi.hamradiolog.HamRadioLogApplicationTests" time="4.834" tests="1" errors="0" skipped="0" failures="0">
  <properties>
    <property name="gopherProxySet" value="false"/>
    <property name="awt.toolkit" value="sun.lwawt.macosx.LWCToolkit"/>
    <property name="file.encoding.pkg" value="sun.io"/>
    <property name="java.specification.version" value="1.8"/>
    <property name="sun.cpu.isalist" value=""/>
    <property name="sun.jnu.encoding" value="UTF-8"/>
    <property name="java.class.path" value="/Users/luca.zammarchi/Downloads/personal/ham-radio-log-ms/target/test-classes:/Users/luca.zammarchi/Downloads/personal/ham-radio-log-ms/target/classes:/Users/luca.zammarchi/.m2/repository/org/springframework/boot/spring-boot-starter-data-mongodb/2.3.5.RELEASE/spring-boot-starter-data-mongodb-2.3.5.RELEASE.jar:/Users/luca.zammarchi/.m2/repository/org/mongodb/mongodb-driver-sync/4.0.5/mongodb-driver-sync-4.0.5.jar:/Users/luca.zammarchi/.m2/repository/org/mongodb/bson/4.0.5/bson-4.0.5.jar:/Users/luca.zammarchi/.m2/repository/org/mongodb/mongodb-driver-core/4.0.5/mongodb-driver-core-4.0.5.jar:/Users/luca.zammarchi/.m2/repository/org/springframework/data/spring-data-mongodb/3.0.5.RELEASE/spring-data-mongodb-3.0.5.RELEASE.jar:/Users/luca.zammarchi/.m2/repository/org/springframework/spring-tx/5.2.10.RELEASE/spring-tx-5.2.10.RELEASE.jar:/Users/luca.zammarchi/.m2/repository/org/springframework/spring-context/5.2.10.RELEASE/spring-context-5.2.10.RELEASE.jar:/Users/luca.zammarchi/.m2/repository/org/springframework/spring-beans/5.2.10.RELEASE/spring-beans-5.2.10.RELEASE.jar:/Users/luca.zammarchi/.m2/repository/org/springframework/spring-expression/5.2.10.RELEASE/spring-expression-5.2.10.RELEASE.jar:/Users/luca.zammarchi/.m2/repository/org/springframework/data/spring-data-commons/2.3.5.RELEASE/spring-data-commons-2.3.5.RELEASE.jar:/Users/luca.zammarchi/.m2/repository/org/springframework/boot/spring-boot-starter/2.3.5.RELEASE/spring-boot-starter-2.3.5.RELEASE.jar:/Users/luca.zammarchi/.m2/repository/org/springframework/boot/spring-boot/2.3.5.RELEASE/spring-boot-2.3.5.RELEASE.jar:/Users/luca.zammarchi/.m2/repository/org/springframework/boot/spring-boot-autoconfigure/2.3.5.RELEASE/spring-boot-autoconfigure-2.3.5.RELEASE.jar:/Users/luca.zammarchi/.m2/repository/jakarta/annotation/jakarta.annotation-api/1.3.5/jakarta.annotation-api-1.3.5.jar:/Users/luca.zammarchi/.m2/repository/org/springframework/spring-core/5.2.10.RELEASE/spring-core-5.2.10.RELEASE.jar:/Users/luca.zammarchi/.m2/repository/org/springframework/spring-jcl/5.2.10.RELEASE/spring-jcl-5.2.10.RELEASE.jar:/Users/luca.zammarchi/.m2/repository/org/yaml/snakeyaml/1.26/snakeyaml-1.26.jar:/Users/luca.zammarchi/.m2/repository/com/fasterxml/jackson/core/jackson-databind/2.11.1/jackson-databind-2.11.1.jar:/Users/luca.zammarchi/.m2/repository/com/fasterxml/jackson/core/jackson-annotations/2.11.3/jackson-annotations-2.11.3.jar:/Users/luca.zammarchi/.m2/repository/com/fasterxml/jackson/core/jackson-core/2.11.3/jackson-core-2.11.3.jar:/Users/luca.zammarchi/.m2/repository/com/fasterxml/jackson/dataformat/jackson-dataformat-xml/2.11.1/jackson-dataformat-xml-2.11.1.jar:/Users/luca.zammarchi/.m2/repository/com/fasterxml/jackson/module/jackson-module-jaxb-annotations/2.11.3/jackson-module-jaxb-annotations-2.11.3.jar:/Users/luca.zammarchi/.m2/repository/jakarta/activation/jakarta.activation-api/1.2.2/jakarta.activation-api-1.2.2.jar:/Users/luca.zammarchi/.m2/repository/org/codehaus/woodstox/stax2-api/4.2.1/stax2-api-4.2.1.jar:/Users/luca.zammarchi/.m2/repository/com/fasterxml/woodstox/woodstox-core/6.2.1/woodstox-core-6.2.1.jar:/Users/luca.zammarchi/.m2/repository/io/springfox/springfox-swagger2/2.9.2/springfox-swagger2-2.9.2.jar:/Users/luca.zammarchi/.m2/repository/io/swagger/swagger-annotations/1.5.20/swagger-annotations-1.5.20.jar:/Users/luca.zammarchi/.m2/repository/io/swagger/swagger-models/1.5.20/swagger-models-1.5.20.jar:/Users/luca.zammarchi/.m2/repository/io/springfox/springfox-spi/2.9.2/springfox-spi-2.9.2.jar:/Users/luca.zammarchi/.m2/repository/io/springfox/springfox-core/2.9.2/springfox-core-2.9.2.jar:/Users/luca.zammarchi/.m2/repository/io/springfox/springfox-schema/2.9.2/springfox-schema-2.9.2.jar:/Users/luca.zammarchi/.m2/repository/io/springfox/springfox-swagger-common/2.9.2/springfox-swagger-common-2.9.2.jar:/Users/luca.zammarchi/.m2/repository/io/springfox/springfox-spring-web/2.9.2/springfox-spring-web-2.9.2.jar:/Users/luca.zammarchi/.m2/repository/com/google/guava/guava/20.0/guava-20.0.jar:/Users/luca.zammarchi/.m2/repository/com/fasterxml/classmate/1.5.1/classmate-1.5.1.jar:/Users/luca.zammarchi/.m2/repository/org/slf4j/slf4j-api/1.7.30/slf4j-api-1.7.30.jar:/Users/luca.zammarchi/.m2/repository/org/springframework/plugin/spring-plugin-core/1.2.0.RELEASE/spring-plugin-core-1.2.0.RELEASE.jar:/Users/luca.zammarchi/.m2/repository/org/springframework/spring-aop/5.2.10.RELEASE/spring-aop-5.2.10.RELEASE.jar:/Users/luca.zammarchi/.m2/repository/org/springframework/plugin/spring-plugin-metadata/1.2.0.RELEASE/spring-plugin-metadata-1.2.0.RELEASE.jar:/Users/luca.zammarchi/.m2/repository/org/mapstruct/mapstruct/1.2.0.Final/mapstruct-1.2.0.Final.jar:/Users/luca.zammarchi/.m2/repository/io/springfox/springfox-swagger-ui/2.9.2/springfox-swagger-ui-2.9.2.jar:/Users/luca.zammarchi/.m2/repository/io/springfox/springfox-bean-validators/2.9.2/springfox-bean-validators-2.9.2.jar:/Users/luca.zammarchi/.m2/repository/io/micrometer/micrometer-registry-prometheus/1.5.6/micrometer-registry-prometheus-1.5.6.jar:/Users/luca.zammarchi/.m2/repository/io/micrometer/micrometer-core/1.5.6/micrometer-core-1.5.6.jar:/Users/luca.zammarchi/.m2/repository/org/hdrhistogram/HdrHistogram/2.1.12/HdrHistogram-2.1.12.jar:/Users/luca.zammarchi/.m2/repository/org/latencyutils/LatencyUtils/2.0.3/LatencyUtils-2.0.3.jar:/Users/luca.zammarchi/.m2/repository/io/prometheus/simpleclient_common/0.8.1/simpleclient_common-0.8.1.jar:/Users/luca.zammarchi/.m2/repository/io/prometheus/simpleclient/0.8.1/simpleclient-0.8.1.jar:/Users/luca.zammarchi/.m2/repository/org/springframework/boot/spring-boot-starter-actuator/2.3.5.RELEASE/spring-boot-starter-actuator-2.3.5.RELEASE.jar:/Users/luca.zammarchi/.m2/repository/org/springframework/boot/spring-boot-actuator-autoconfigure/2.3.5.RELEASE/spring-boot-actuator-autoconfigure-2.3.5.RELEASE.jar:/Users/luca.zammarchi/.m2/repository/org/springframework/boot/spring-boot-actuator/2.3.5.RELEASE/spring-boot-actuator-2.3.5.RELEASE.jar:/Users/luca.zammarchi/.m2/repository/com/fasterxml/jackson/datatype/jackson-datatype-jsr310/2.11.3/jackson-datatype-jsr310-2.11.3.jar:/Users/luca.zammarchi/.m2/repository/org/springframework/boot/spring-boot-starter-web/2.3.5.RELEASE/spring-boot-starter-web-2.3.5.RELEASE.jar:/Users/luca.zammarchi/.m2/repository/org/springframework/boot/spring-boot-starter-json/2.3.5.RELEASE/spring-boot-starter-json-2.3.5.RELEASE.jar:/Users/luca.zammarchi/.m2/repository/com/fasterxml/jackson/datatype/jackson-datatype-jdk8/2.11.3/jackson-datatype-jdk8-2.11.3.jar:/Users/luca.zammarchi/.m2/repository/com/fasterxml/jackson/module/jackson-module-parameter-names/2.11.3/jackson-module-parameter-names-2.11.3.jar:/Users/luca.zammarchi/.m2/repository/org/springframework/boot/spring-boot-starter-tomcat/2.3.5.RELEASE/spring-boot-starter-tomcat-2.3.5.RELEASE.jar:/Users/luca.zammarchi/.m2/repository/org/apache/tomcat/embed/tomcat-embed-core/9.0.39/tomcat-embed-core-9.0.39.jar:/Users/luca.zammarchi/.m2/repository/org/glassfish/jakarta.el/3.0.3/jakarta.el-3.0.3.jar:/Users/luca.zammarchi/.m2/repository/org/apache/tomcat/embed/tomcat-embed-websocket/9.0.39/tomcat-embed-websocket-9.0.39.jar:/Users/luca.zammarchi/.m2/repository/org/springframework/spring-web/5.2.10.RELEASE/spring-web-5.2.10.RELEASE.jar:/Users/luca.zammarchi/.m2/repository/org/springframework/spring-webmvc/5.2.10.RELEASE/spring-webmvc-5.2.10.RELEASE.jar:/Users/luca.zammarchi/.m2/repository/org/apache/camel/springboot/camel-spring-boot-starter/3.5.0/camel-spring-boot-starter-3.5.0.jar:/Users/luca.zammarchi/.m2/repository/org/apache/camel/springboot/camel-spring-boot/3.5.0/camel-spring-boot-3.5.0.jar:/Users/luca.zammarchi/.m2/repository/org/apache/camel/camel-spring/3.5.0/camel-spring-3.5.0.jar:/Users/luca.zammarchi/.m2/repository/org/apache/camel/camel-core-engine/3.5.0/camel-core-engine-3.5.0.jar:/Users/luca.zammarchi/.m2/repository/org/apache/camel/camel-xml-jaxb/3.5.0/camel-xml-jaxb-3.5.0.jar:/Users/luca.zammarchi/.m2/repository/com/sun/xml/bind/jaxb-core/2.3.0/jaxb-core-2.3.0.jar:/Users/luca.zammarchi/.m2/repository/com/sun/xml/bind/jaxb-impl/2.3.0/jaxb-impl-2.3.0.jar:/Users/luca.zammarchi/.m2/repository/org/apache/camel/camel-xml-jaxp/3.5.0/camel-xml-jaxp-3.5.0.jar:/Users/luca.zammarchi/.m2/repository/org/apache/camel/camel-bean/3.5.0/camel-bean-3.5.0.jar:/Users/luca.zammarchi/.m2/repository/org/apache/camel/camel-management-api/3.5.0/camel-management-api-3.5.0.jar:/Users/luca.zammarchi/.m2/repository/org/apache/camel/camel-core-xml/3.5.0/camel-core-xml-3.5.0.jar:/Users/luca.zammarchi/.m2/repository/org/apache/camel/camel-cloud/3.5.0/camel-cloud-3.5.0.jar:/Users/luca.zammarchi/.m2/repository/org/apache/camel/camel-cluster/3.5.0/camel-cluster-3.5.0.jar:/Users/luca.zammarchi/.m2/repository/org/apache/camel/camel-core-catalog/3.5.0/camel-core-catalog-3.5.0.jar:/Users/luca.zammarchi/.m2/repository/org/apache/camel/camel-api/3.5.0/camel-api-3.5.0.jar:/Users/luca.zammarchi/.m2/repository/org/apache/camel/camel-tooling-model/3.5.0/camel-tooling-model-3.5.0.jar:/Users/luca.zammarchi/.m2/repository/org/apache/camel/camel-util-json/3.5.0/camel-util-json-3.5.0.jar:/Users/luca.zammarchi/.m2/repository/org/apache/camel/camel-health/3.5.0/camel-health-3.5.0.jar:/Users/luca.zammarchi/.m2/repository/org/apache/camel/camel-main/3.5.0/camel-main-3.5.0.jar:/Users/luca.zammarchi/.m2/repository/org/apache/camel/camel-base/3.5.0/camel-base-3.5.0.jar:/Users/luca.zammarchi/.m2/repository/org/apache/camel/camel-util/3.5.0/camel-util-3.5.0.jar:/Users/luca.zammarchi/.m2/repository/org/apache/camel/camel-core-languages/3.5.0/camel-core-languages-3.5.0.jar:/Users/luca.zammarchi/.m2/repository/org/apache/camel/springboot/camel-core-starter/3.5.0/camel-core-starter-3.5.0.jar:/Users/luca.zammarchi/.m2/repository/org/apache/camel/camel-core/3.5.0/camel-core-3.5.0.jar:/Users/luca.zammarchi/.m2/repository/org/apache/camel/camel-browse/3.5.0/camel-browse-3.5.0.jar:/Users/luca.zammarchi/.m2/repository/org/apache/camel/camel-caffeine-lrucache/3.5.0/camel-caffeine-lrucache-3.5.0.jar:/Users/luca.zammarchi/.m2/repository/com/github/ben-manes/caffeine/caffeine/2.8.6/caffeine-2.8.6.jar:/Users/luca.zammarchi/.m2/repository/org/apache/camel/camel-controlbus/3.5.0/camel-controlbus-3.5.0.jar:/Users/luca.zammarchi/.m2/repository/org/apache/camel/camel-dataformat/3.5.0/camel-dataformat-3.5.0.jar:/Users/luca.zammarchi/.m2/repository/org/apache/camel/camel-dataset/3.5.0/camel-dataset-3.5.0.jar:/Users/luca.zammarchi/.m2/repository/org/apache/camel/camel-direct/3.5.0/camel-direct-3.5.0.jar:/Users/luca.zammarchi/.m2/repository/org/apache/camel/camel-directvm/3.5.0/camel-directvm-3.5.0.jar:/Users/luca.zammarchi/.m2/repository/org/apache/camel/camel-file/3.5.0/camel-file-3.5.0.jar:/Users/luca.zammarchi/.m2/repository/org/apache/camel/camel-language/3.5.0/camel-language-3.5.0.jar:/Users/luca.zammarchi/.m2/repository/org/apache/camel/camel-log/3.5.0/camel-log-3.5.0.jar:/Users/luca.zammarchi/.m2/repository/org/apache/camel/camel-mock/3.5.0/camel-mock-3.5.0.jar:/Users/luca.zammarchi/.m2/repository/org/apache/camel/camel-ref/3.5.0/camel-ref-3.5.0.jar:/Users/luca.zammarchi/.m2/repository/org/apache/camel/camel-rest/3.5.0/camel-rest-3.5.0.jar:/Users/luca.zammarchi/.m2/repository/org/apache/camel/camel-saga/3.5.0/camel-saga-3.5.0.jar:/Users/luca.zammarchi/.m2/repository/org/apache/camel/camel-scheduler/3.5.0/camel-scheduler-3.5.0.jar:/Users/luca.zammarchi/.m2/repository/org/apache/camel/camel-seda/3.5.0/camel-seda-3.5.0.jar:/Users/luca.zammarchi/.m2/repository/org/apache/camel/camel-stub/3.5.0/camel-stub-3.5.0.jar:/Users/luca.zammarchi/.m2/repository/org/apache/camel/camel-timer/3.5.0/camel-timer-3.5.0.jar:/Users/luca.zammarchi/.m2/repository/org/apache/camel/camel-validator/3.5.0/camel-validator-3.5.0.jar:/Users/luca.zammarchi/.m2/repository/org/apache/camel/camel-vm/3.5.0/camel-vm-3.5.0.jar:/Users/luca.zammarchi/.m2/repository/org/apache/camel/camel-xpath/3.5.0/camel-xpath-3.5.0.jar:/Users/luca.zammarchi/.m2/repository/org/apache/camel/camel-xslt/3.5.0/camel-xslt-3.5.0.jar:/Users/luca.zammarchi/.m2/repository/org/apache/camel/springboot/camel-activemq-starter/3.5.0/camel-activemq-starter-3.5.0.jar:/Users/luca.zammarchi/.m2/repository/org/apache/camel/camel-activemq/3.5.0/camel-activemq-3.5.0.jar:/Users/luca.zammarchi/.m2/repository/org/apache/activemq/activemq-spring/5.15.13/activemq-spring-5.15.13.jar:/Users/luca.zammarchi/.m2/repository/org/apache/xbean/xbean-spring/4.17/xbean-spring-4.17.jar:/Users/luca.zammarchi/.m2/repository/org/apache/activemq/activemq-broker/5.15.13/activemq-broker-5.15.13.jar:/Users/luca.zammarchi/.m2/repository/org/apache/activemq/activemq-openwire-legacy/5.15.13/activemq-openwire-legacy-5.15.13.jar:/Users/luca.zammarchi/.m2/repository/org/apache/geronimo/specs/geronimo-jta_1.1_spec/1.1.1/geronimo-jta_1.1_spec-1.1.1.jar:/Users/luca.zammarchi/.m2/repository/org/apache/commons/commons-pool2/2.8.1/commons-pool2-2.8.1.jar:/Users/luca.zammarchi/.m2/repository/org/apache/activemq/activemq-pool/5.15.13/activemq-pool-5.15.13.jar:/Users/luca.zammarchi/.m2/repository/org/apache/activemq/activemq-jms-pool/5.15.13/activemq-jms-pool-5.15.13.jar:/Users/luca.zammarchi/.m2/repository/org/apache/geronimo/specs/geronimo-jms_1.1_spec/1.1.1/geronimo-jms_1.1_spec-1.1.1.jar:/Users/luca.zammarchi/.m2/repository/org/apache/activemq/activemq-client/5.15.13/activemq-client-5.15.13.jar:/Users/luca.zammarchi/.m2/repository/org/fusesource/hawtbuf/hawtbuf/1.11/hawtbuf-1.11.jar:/Users/luca.zammarchi/.m2/repository/org/apache/geronimo/specs/geronimo-j2ee-management_1.1_spec/1.0.1/geronimo-j2ee-management_1.1_spec-1.0.1.jar:/Users/luca.zammarchi/.m2/repository/org/apache/camel/camel-jms/3.5.0/camel-jms-3.5.0.jar:/Users/luca.zammarchi/.m2/repository/org/apache/camel/camel-support/3.5.0/camel-support-3.5.0.jar:/Users/luca.zammarchi/.m2/repository/org/springframework/spring-jms/5.2.10.RELEASE/spring-jms-5.2.10.RELEASE.jar:/Users/luca.zammarchi/.m2/repository/org/springframework/spring-messaging/5.2.10.RELEASE/spring-messaging-5.2.10.RELEASE.jar:/Users/luca.zammarchi/.m2/repository/org/apache/geronimo/specs/geronimo-jms_2.0_spec/1.0-alpha-2/geronimo-jms_2.0_spec-1.0-alpha-2.jar:/Users/luca.zammarchi/.m2/repository/org/springframework/boot/spring-boot-starter-test/2.3.5.RELEASE/spring-boot-starter-test-2.3.5.RELEASE.jar:/Users/luca.zammarchi/.m2/repository/org/springframework/boot/spring-boot-test/2.3.5.RELEASE/spring-boot-test-2.3.5.RELEASE.jar:/Users/luca.zammarchi/.m2/repository/org/springframework/boot/spring-boot-test-autoconfigure/2.3.5.RELEASE/spring-boot-test-autoconfigure-2.3.5.RELEASE.jar:/Users/luca.zammarchi/.m2/repository/com/jayway/jsonpath/json-path/2.4.0/json-path-2.4.0.jar:/Users/luca.zammarchi/.m2/repository/net/minidev/json-smart/2.3/json-smart-2.3.jar:/Users/luca.zammarchi/.m2/repository/net/minidev/accessors-smart/1.2/accessors-smart-1.2.jar:/Users/luca.zammarchi/.m2/repository/org/ow2/asm/asm/5.0.4/asm-5.0.4.jar:/Users/luca.zammarchi/.m2/repository/jakarta/xml/bind/jakarta.xml.bind-api/2.3.3/jakarta.xml.bind-api-2.3.3.jar:/Users/luca.zammarchi/.m2/repository/org/assertj/assertj-core/3.16.1/assertj-core-3.16.1.jar:/Users/luca.zammarchi/.m2/repository/org/hamcrest/hamcrest/2.2/hamcrest-2.2.jar:/Users/luca.zammarchi/.m2/repository/org/junit/jupiter/junit-jupiter/5.6.3/junit-jupiter-5.6.3.jar:/Users/luca.zammarchi/.m2/repository/org/junit/jupiter/junit-jupiter-api/5.6.3/junit-jupiter-api-5.6.3.jar:/Users/luca.zammarchi/.m2/repository/org/apiguardian/apiguardian-api/1.1.0/apiguardian-api-1.1.0.jar:/Users/luca.zammarchi/.m2/repository/org/opentest4j/opentest4j/1.2.0/opentest4j-1.2.0.jar:/Users/luca.zammarchi/.m2/repository/org/junit/platform/junit-platform-commons/1.6.3/junit-platform-commons-1.6.3.jar:/Users/luca.zammarchi/.m2/repository/org/junit/jupiter/junit-jupiter-params/5.6.3/junit-jupiter-params-5.6.3.jar:/Users/luca.zammarchi/.m2/repository/org/junit/jupiter/junit-jupiter-engine/5.6.3/junit-jupiter-engine-5.6.3.jar:/Users/luca.zammarchi/.m2/repository/org/junit/platform/junit-platform-engine/1.6.3/junit-platform-engine-1.6.3.jar:/Users/luca.zammarchi/.m2/repository/org/mockito/mockito-core/3.3.3/mockito-core-3.3.3.jar:/Users/luca.zammarchi/.m2/repository/net/bytebuddy/byte-buddy/1.10.17/byte-buddy-1.10.17.jar:/Users/luca.zammarchi/.m2/repository/net/bytebuddy/byte-buddy-agent/1.10.17/byte-buddy-agent-1.10.17.jar:/Users/luca.zammarchi/.m2/repository/org/objenesis/objenesis/2.6/objenesis-2.6.jar:/Users/luca.zammarchi/.m2/repository/org/mockito/mockito-junit-jupiter/3.3.3/mockito-junit-jupiter-3.3.3.jar:/Users/luca.zammarchi/.m2/repository/org/skyscreamer/jsonassert/1.5.0/jsonassert-1.5.0.jar:/Users/luca.zammarchi/.m2/repository/com/vaadin/external/google/android-json/0.0.20131108.vaadin1/android-json-0.0.20131108.vaadin1.jar:/Users/luca.zammarchi/.m2/repository/org/springframework/spring-test/5.2.10.RELEASE/spring-test-5.2.10.RELEASE.jar:/Users/luca.zammarchi/.m2/repository/org/xmlunit/xmlunit-core/2.7.0/xmlunit-core-2.7.0.jar:/Users/luca.zammarchi/.m2/repository/org/springframework/boot/spring-boot-starter-log4j2/2.3.5.RELEASE/spring-boot-starter-log4j2-2.3.5.RELEASE.jar:/Users/luca.zammarchi/.m2/repository/org/apache/logging/log4j/log4j-slf4j-impl/2.13.3/log4j-slf4j-impl-2.13.3.jar:/Users/luca.zammarchi/.m2/repository/org/apache/logging/log4j/log4j-api/2.13.3/log4j-api-2.13.3.jar:/Users/luca.zammarchi/.m2/repository/org/apache/logging/log4j/log4j-core/2.13.3/log4j-core-2.13.3.jar:/Users/luca.zammarchi/.m2/repository/org/apache/logging/log4j/log4j-jul/2.13.3/log4j-jul-2.13.3.jar:/Users/luca.zammarchi/.m2/repository/org/slf4j/jul-to-slf4j/1.7.30/jul-to-slf4j-1.7.30.jar:"/>
    <property name="java.vm.vendor" value="Oracle Corporation"/>
    <property name="sun.arch.data.model" value="64"/>
    <property name="java.vendor.url" value="http://java.oracle.com/"/>
    <property name="user.timezone" value=""/>
    <property name="java.vm.specification.version" value="1.8"/>
    <property name="os.name" value="Mac OS X"/>
    <property name="user.country" value="IT"/>
    <property name="sun.java.launcher" value="SUN_STANDARD"/>
    <property name="sun.boot.library.path" value="/Library/Java/JavaVirtualMachines/jdk1.8.0_251.jdk/Contents/Home/jre/lib"/>
    <property name="sun.java.command" value="/Users/luca.zammarchi/Downloads/personal/ham-radio-log-ms/target/surefire/surefirebooter400178832671744371.jar /Users/luca.zammarchi/Downloads/personal/ham-radio-log-ms/target/surefire 2021-01-23T09-42-48_379-jvmRun1 surefire4644233588608211879tmp surefire_0177918295011877163tmp"/>
    <property name="http.nonProxyHosts" value="local|*.local|169.254/16|*.169.254/16"/>
    <property name="surefire.test.class.path" value="/Users/luca.zammarchi/Downloads/personal/ham-radio-log-ms/target/test-classes:/Users/luca.zammarchi/Downloads/personal/ham-radio-log-ms/target/classes:/Users/luca.zammarchi/.m2/repository/org/springframework/boot/spring-boot-starter-data-mongodb/2.3.5.RELEASE/spring-boot-starter-data-mongodb-2.3.5.RELEASE.jar:/Users/luca.zammarchi/.m2/repository/org/mongodb/mongodb-driver-sync/4.0.5/mongodb-driver-sync-4.0.5.jar:/Users/luca.zammarchi/.m2/repository/org/mongodb/bson/4.0.5/bson-4.0.5.jar:/Users/luca.zammarchi/.m2/repository/org/mongodb/mongodb-driver-core/4.0.5/mongodb-driver-core-4.0.5.jar:/Users/luca.zammarchi/.m2/repository/org/springframework/data/spring-data-mongodb/3.0.5.RELEASE/spring-data-mongodb-3.0.5.RELEASE.jar:/Users/luca.zammarchi/.m2/repository/org/springframework/spring-tx/5.2.10.RELEASE/spring-tx-5.2.10.RELEASE.jar:/Users/luca.zammarchi/.m2/repository/org/springframework/spring-context/5.2.10.RELEASE/spring-context-5.2.10.RELEASE.jar:/Users/luca.zammarchi/.m2/repository/org/springframework/spring-beans/5.2.10.RELEASE/spring-beans-5.2.10.RELEASE.jar:/Users/luca.zammarchi/.m2/repository/org/springframework/spring-expression/5.2.10.RELEASE/spring-expression-5.2.10.RELEASE.jar:/Users/luca.zammarchi/.m2/repository/org/springframework/data/spring-data-commons/2.3.5.RELEASE/spring-data-commons-2.3.5.RELEASE.jar:/Users/luca.zammarchi/.m2/repository/org/springframework/boot/spring-boot-starter/2.3.5.RELEASE/spring-boot-starter-2.3.5.RELEASE.jar:/Users/luca.zammarchi/.m2/repository/org/springframework/boot/spring-boot/2.3.5.RELEASE/spring-boot-2.3.5.RELEASE.jar:/Users/luca.zammarchi/.m2/repository/org/springframework/boot/spring-boot-autoconfigure/2.3.5.RELEASE/spring-boot-autoconfigure-2.3.5.RELEASE.jar:/Users/luca.zammarchi/.m2/repository/jakarta/annotation/jakarta.annotation-api/1.3.5/jakarta.annotation-api-1.3.5.jar:/Users/luca.zammarchi/.m2/repository/org/springframework/spring-core/5.2.10.RELEASE/spring-core-5.2.10.RELEASE.jar:/Users/luca.zammarchi/.m2/repository/org/springframework/spring-jcl/5.2.10.RELEASE/spring-jcl-5.2.10.RELEASE.jar:/Users/luca.zammarchi/.m2/repository/org/yaml/snakeyaml/1.26/snakeyaml-1.26.jar:/Users/luca.zammarchi/.m2/repository/com/fasterxml/jackson/core/jackson-databind/2.11.1/jackson-databind-2.11.1.jar:/Users/luca.zammarchi/.m2/repository/com/fasterxml/jackson/core/jackson-annotations/2.11.3/jackson-annotations-2.11.3.jar:/Users/luca.zammarchi/.m2/repository/com/fasterxml/jackson/core/jackson-core/2.11.3/jackson-core-2.11.3.jar:/Users/luca.zammarchi/.m2/repository/com/fasterxml/jackson/dataformat/jackson-dataformat-xml/2.11.1/jackson-dataformat-xml-2.11.1.jar:/Users/luca.zammarchi/.m2/repository/com/fasterxml/jackson/module/jackson-module-jaxb-annotations/2.11.3/jackson-module-jaxb-annotations-2.11.3.jar:/Users/luca.zammarchi/.m2/repository/jakarta/activation/jakarta.activation-api/1.2.2/jakarta.activation-api-1.2.2.jar:/Users/luca.zammarchi/.m2/repository/org/codehaus/woodstox/stax2-api/4.2.1/stax2-api-4.2.1.jar:/Users/luca.zammarchi/.m2/repository/com/fasterxml/woodstox/woodstox-core/6.2.1/woodstox-core-6.2.1.jar:/Users/luca.zammarchi/.m2/repository/io/springfox/springfox-swagger2/2.9.2/springfox-swagger2-2.9.2.jar:/Users/luca.zammarchi/.m2/repository/io/swagger/swagger-annotations/1.5.20/swagger-annotations-1.5.20.jar:/Users/luca.zammarchi/.m2/repository/io/swagger/swagger-models/1.5.20/swagger-models-1.5.20.jar:/Users/luca.zammarchi/.m2/repository/io/springfox/springfox-spi/2.9.2/springfox-spi-2.9.2.jar:/Users/luca.zammarchi/.m2/repository/io/springfox/springfox-core/2.9.2/springfox-core-2.9.2.jar:/Users/luca.zammarchi/.m2/repository/io/springfox/springfox-schema/2.9.2/springfox-schema-2.9.2.jar:/Users/luca.zammarchi/.m2/repository/io/springfox/springfox-swagger-common/2.9.2/springfox-swagger-common-2.9.2.jar:/Users/luca.zammarchi/.m2/repository/io/springfox/springfox-spring-web/2.9.2/springfox-spring-web-2.9.2.jar:/Users/luca.zammarchi/.m2/repository/com/google/guava/guava/20.0/guava-20.0.jar:/Users/luca.zammarchi/.m2/repository/com/fasterxml/classmate/1.5.1/classmate-1.5.1.jar:/Users/luca.zammarchi/.m2/repository/org/slf4j/slf4j-api/1.7.30/slf4j-api-1.7.30.jar:/Users/luca.zammarchi/.m2/repository/org/springframework/plugin/spring-plugin-core/1.2.0.RELEASE/spring-plugin-core-1.2.0.RELEASE.jar:/Users/luca.zammarchi/.m2/repository/org/springframework/spring-aop/5.2.10.RELEASE/spring-aop-5.2.10.RELEASE.jar:/Users/luca.zammarchi/.m2/repository/org/springframework/plugin/spring-plugin-metadata/1.2.0.RELEASE/spring-plugin-metadata-1.2.0.RELEASE.jar:/Users/luca.zammarchi/.m2/repository/org/mapstruct/mapstruct/1.2.0.Final/mapstruct-1.2.0.Final.jar:/Users/luca.zammarchi/.m2/repository/io/springfox/springfox-swagger-ui/2.9.2/springfox-swagger-ui-2.9.2.jar:/Users/luca.zammarchi/.m2/repository/io/springfox/springfox-bean-validators/2.9.2/springfox-bean-validators-2.9.2.jar:/Users/luca.zammarchi/.m2/repository/io/micrometer/micrometer-registry-prometheus/1.5.6/micrometer-registry-prometheus-1.5.6.jar:/Users/luca.zammarchi/.m2/repository/io/micrometer/micrometer-core/1.5.6/micrometer-core-1.5.6.jar:/Users/luca.zammarchi/.m2/repository/org/hdrhistogram/HdrHistogram/2.1.12/HdrHistogram-2.1.12.jar:/Users/luca.zammarchi/.m2/repository/org/latencyutils/LatencyUtils/2.0.3/LatencyUtils-2.0.3.jar:/Users/luca.zammarchi/.m2/repository/io/prometheus/simpleclient_common/0.8.1/simpleclient_common-0.8.1.jar:/Users/luca.zammarchi/.m2/repository/io/prometheus/simpleclient/0.8.1/simpleclient-0.8.1.jar:/Users/luca.zammarchi/.m2/repository/org/springframework/boot/spring-boot-starter-actuator/2.3.5.RELEASE/spring-boot-starter-actuator-2.3.5.RELEASE.jar:/Users/luca.zammarchi/.m2/repository/org/springframework/boot/spring-boot-actuator-autoconfigure/2.3.5.RELEASE/spring-boot-actuator-autoconfigure-2.3.5.RELEASE.jar:/Users/luca.zammarchi/.m2/repository/org/springframework/boot/spring-boot-actuator/2.3.5.RELEASE/spring-boot-actuator-2.3.5.RELEASE.jar:/Users/luca.zammarchi/.m2/repository/com/fasterxml/jackson/datatype/jackson-datatype-jsr310/2.11.3/jackson-datatype-jsr310-2.11.3.jar:/Users/luca.zammarchi/.m2/repository/org/springframework/boot/spring-boot-starter-web/2.3.5.RELEASE/spring-boot-starter-web-2.3.5.RELEASE.jar:/Users/luca.zammarchi/.m2/repository/org/springframework/boot/spring-boot-starter-json/2.3.5.RELEASE/spring-boot-starter-json-2.3.5.RELEASE.jar:/Users/luca.zammarchi/.m2/repository/com/fasterxml/jackson/datatype/jackson-datatype-jdk8/2.11.3/jackson-datatype-jdk8-2.11.3.jar:/Users/luca.zammarchi/.m2/repository/com/fasterxml/jackson/module/jackson-module-parameter-names/2.11.3/jackson-module-parameter-names-2.11.3.jar:/Users/luca.zammarchi/.m2/repository/org/springframework/boot/spring-boot-starter-tomcat/2.3.5.RELEASE/spring-boot-starter-tomcat-2.3.5.RELEASE.jar:/Users/luca.zammarchi/.m2/repository/org/apache/tomcat/embed/tomcat-embed-core/9.0.39/tomcat-embed-core-9.0.39.jar:/Users/luca.zammarchi/.m2/repository/org/glassfish/jakarta.el/3.0.3/jakarta.el-3.0.3.jar:/Users/luca.zammarchi/.m2/repository/org/apache/tomcat/embed/tomcat-embed-websocket/9.0.39/tomcat-embed-websocket-9.0.39.jar:/Users/luca.zammarchi/.m2/repository/org/springframework/spring-web/5.2.10.RELEASE/spring-web-5.2.10.RELEASE.jar:/Users/luca.zammarchi/.m2/repository/org/springframework/spring-webmvc/5.2.10.RELEASE/spring-webmvc-5.2.10.RELEASE.jar:/Users/luca.zammarchi/.m2/repository/org/apache/camel/springboot/camel-spring-boot-starter/3.5.0/camel-spring-boot-starter-3.5.0.jar:/Users/luca.zammarchi/.m2/repository/org/apache/camel/springboot/camel-spring-boot/3.5.0/camel-spring-boot-3.5.0.jar:/Users/luca.zammarchi/.m2/repository/org/apache/camel/camel-spring/3.5.0/camel-spring-3.5.0.jar:/Users/luca.zammarchi/.m2/repository/org/apache/camel/camel-core-engine/3.5.0/camel-core-engine-3.5.0.jar:/Users/luca.zammarchi/.m2/repository/org/apache/camel/camel-xml-jaxb/3.5.0/camel-xml-jaxb-3.5.0.jar:/Users/luca.zammarchi/.m2/repository/com/sun/xml/bind/jaxb-core/2.3.0/jaxb-core-2.3.0.jar:/Users/luca.zammarchi/.m2/repository/com/sun/xml/bind/jaxb-impl/2.3.0/jaxb-impl-2.3.0.jar:/Users/luca.zammarchi/.m2/repository/org/apache/camel/camel-xml-jaxp/3.5.0/camel-xml-jaxp-3.5.0.jar:/Users/luca.zammarchi/.m2/repository/org/apache/camel/camel-bean/3.5.0/camel-bean-3.5.0.jar:/Users/luca.zammarchi/.m2/repository/org/apache/camel/camel-management-api/3.5.0/camel-management-api-3.5.0.jar:/Users/luca.zammarchi/.m2/repository/org/apache/camel/camel-core-xml/3.5.0/camel-core-xml-3.5.0.jar:/Users/luca.zammarchi/.m2/repository/org/apache/camel/camel-cloud/3.5.0/camel-cloud-3.5.0.jar:/Users/luca.zammarchi/.m2/repository/org/apache/camel/camel-cluster/3.5.0/camel-cluster-3.5.0.jar:/Users/luca.zammarchi/.m2/repository/org/apache/camel/camel-core-catalog/3.5.0/camel-core-catalog-3.5.0.jar:/Users/luca.zammarchi/.m2/repository/org/apache/camel/camel-api/3.5.0/camel-api-3.5.0.jar:/Users/luca.zammarchi/.m2/repository/org/apache/camel/camel-tooling-model/3.5.0/camel-tooling-model-3.5.0.jar:/Users/luca.zammarchi/.m2/repository/org/apache/camel/camel-util-json/3.5.0/camel-util-json-3.5.0.jar:/Users/luca.zammarchi/.m2/repository/org/apache/camel/camel-health/3.5.0/camel-health-3.5.0.jar:/Users/luca.zammarchi/.m2/repository/org/apache/camel/camel-main/3.5.0/camel-main-3.5.0.jar:/Users/luca.zammarchi/.m2/repository/org/apache/camel/camel-base/3.5.0/camel-base-3.5.0.jar:/Users/luca.zammarchi/.m2/repository/org/apache/camel/camel-util/3.5.0/camel-util-3.5.0.jar:/Users/luca.zammarchi/.m2/repository/org/apache/camel/camel-core-languages/3.5.0/camel-core-languages-3.5.0.jar:/Users/luca.zammarchi/.m2/repository/org/apache/camel/springboot/camel-core-starter/3.5.0/camel-core-starter-3.5.0.jar:/Users/luca.zammarchi/.m2/repository/org/apache/camel/camel-core/3.5.0/camel-core-3.5.0.jar:/Users/luca.zammarchi/.m2/repository/org/apache/camel/camel-browse/3.5.0/camel-browse-3.5.0.jar:/Users/luca.zammarchi/.m2/repository/org/apache/camel/camel-caffeine-lrucache/3.5.0/camel-caffeine-lrucache-3.5.0.jar:/Users/luca.zammarchi/.m2/repository/com/github/ben-manes/caffeine/caffeine/2.8.6/caffeine-2.8.6.jar:/Users/luca.zammarchi/.m2/repository/org/apache/camel/camel-controlbus/3.5.0/camel-controlbus-3.5.0.jar:/Users/luca.zammarchi/.m2/repository/org/apache/camel/camel-dataformat/3.5.0/camel-dataformat-3.5.0.jar:/Users/luca.zammarchi/.m2/repository/org/apache/camel/camel-dataset/3.5.0/camel-dataset-3.5.0.jar:/Users/luca.zammarchi/.m2/repository/org/apache/camel/camel-direct/3.5.0/camel-direct-3.5.0.jar:/Users/luca.zammarchi/.m2/repository/org/apache/camel/camel-directvm/3.5.0/camel-directvm-3.5.0.jar:/Users/luca.zammarchi/.m2/repository/org/apache/camel/camel-file/3.5.0/camel-file-3.5.0.jar:/Users/luca.zammarchi/.m2/repository/org/apache/camel/camel-language/3.5.0/camel-language-3.5.0.jar:/Users/luca.zammarchi/.m2/repository/org/apache/camel/camel-log/3.5.0/camel-log-3.5.0.jar:/Users/luca.zammarchi/.m2/repository/org/apache/camel/camel-mock/3.5.0/camel-mock-3.5.0.jar:/Users/luca.zammarchi/.m2/repository/org/apache/camel/camel-ref/3.5.0/camel-ref-3.5.0.jar:/Users/luca.zammarchi/.m2/repository/org/apache/camel/camel-rest/3.5.0/camel-rest-3.5.0.jar:/Users/luca.zammarchi/.m2/repository/org/apache/camel/camel-saga/3.5.0/camel-saga-3.5.0.jar:/Users/luca.zammarchi/.m2/repository/org/apache/camel/camel-scheduler/3.5.0/camel-scheduler-3.5.0.jar:/Users/luca.zammarchi/.m2/repository/org/apache/camel/camel-seda/3.5.0/camel-seda-3.5.0.jar:/Users/luca.zammarchi/.m2/repository/org/apache/camel/camel-stub/3.5.0/camel-stub-3.5.0.jar:/Users/luca.zammarchi/.m2/repository/org/apache/camel/camel-timer/3.5.0/camel-timer-3.5.0.jar:/Users/luca.zammarchi/.m2/repository/org/apache/camel/camel-validator/3.5.0/camel-validator-3.5.0.jar:/Users/luca.zammarchi/.m2/repository/org/apache/camel/camel-vm/3.5.0/camel-vm-3.5.0.jar:/Users/luca.zammarchi/.m2/repository/org/apache/camel/camel-xpath/3.5.0/camel-xpath-3.5.0.jar:/Users/luca.zammarchi/.m2/repository/org/apache/camel/camel-xslt/3.5.0/camel-xslt-3.5.0.jar:/Users/luca.zammarchi/.m2/repository/org/apache/camel/springboot/camel-activemq-starter/3.5.0/camel-activemq-starter-3.5.0.jar:/Users/luca.zammarchi/.m2/repository/org/apache/camel/camel-activemq/3.5.0/camel-activemq-3.5.0.jar:/Users/luca.zammarchi/.m2/repository/org/apache/activemq/activemq-spring/5.15.13/activemq-spring-5.15.13.jar:/Users/luca.zammarchi/.m2/repository/org/apache/xbean/xbean-spring/4.17/xbean-spring-4.17.jar:/Users/luca.zammarchi/.m2/repository/org/apache/activemq/activemq-broker/5.15.13/activemq-broker-5.15.13.jar:/Users/luca.zammarchi/.m2/repository/org/apache/activemq/activemq-openwire-legacy/5.15.13/activemq-openwire-legacy-5.15.13.jar:/Users/luca.zammarchi/.m2/repository/org/apache/geronimo/specs/geronimo-jta_1.1_spec/1.1.1/geronimo-jta_1.1_spec-1.1.1.jar:/Users/luca.zammarchi/.m2/repository/org/apache/commons/commons-pool2/2.8.1/commons-pool2-2.8.1.jar:/Users/luca.zammarchi/.m2/repository/org/apache/activemq/activemq-pool/5.15.13/activemq-pool-5.15.13.jar:/Users/luca.zammarchi/.m2/repository/org/apache/activemq/activemq-jms-pool/5.15.13/activemq-jms-pool-5.15.13.jar:/Users/luca.zammarchi/.m2/repository/org/apache/geronimo/specs/geronimo-jms_1.1_spec/1.1.1/geronimo-jms_1.1_spec-1.1.1.jar:/Users/luca.zammarchi/.m2/repository/org/apache/activemq/activemq-client/5.15.13/activemq-client-5.15.13.jar:/Users/luca.zammarchi/.m2/repository/org/fusesource/hawtbuf/hawtbuf/1.11/hawtbuf-1.11.jar:/Users/luca.zammarchi/.m2/repository/org/apache/geronimo/specs/geronimo-j2ee-management_1.1_spec/1.0.1/geronimo-j2ee-management_1.1_spec-1.0.1.jar:/Users/luca.zammarchi/.m2/repository/org/apache/camel/camel-jms/3.5.0/camel-jms-3.5.0.jar:/Users/luca.zammarchi/.m2/repository/org/apache/camel/camel-support/3.5.0/camel-support-3.5.0.jar:/Users/luca.zammarchi/.m2/repository/org/springframework/spring-jms/5.2.10.RELEASE/spring-jms-5.2.10.RELEASE.jar:/Users/luca.zammarchi/.m2/repository/org/springframework/spring-messaging/5.2.10.RELEASE/spring-messaging-5.2.10.RELEASE.jar:/Users/luca.zammarchi/.m2/repository/org/apache/geronimo/specs/geronimo-jms_2.0_spec/1.0-alpha-2/geronimo-jms_2.0_spec-1.0-alpha-2.jar:/Users/luca.zammarchi/.m2/repository/org/springframework/boot/spring-boot-starter-test/2.3.5.RELEASE/spring-boot-starter-test-2.3.5.RELEASE.jar:/Users/luca.zammarchi/.m2/repository/org/springframework/boot/spring-boot-test/2.3.5.RELEASE/spring-boot-test-2.3.5.RELEASE.jar:/Users/luca.zammarchi/.m2/repository/org/springframework/boot/spring-boot-test-autoconfigure/2.3.5.RELEASE/spring-boot-test-autoconfigure-2.3.5.RELEASE.jar:/Users/luca.zammarchi/.m2/repository/com/jayway/jsonpath/json-path/2.4.0/json-path-2.4.0.jar:/Users/luca.zammarchi/.m2/repository/net/minidev/json-smart/2.3/json-smart-2.3.jar:/Users/luca.zammarchi/.m2/repository/net/minidev/accessors-smart/1.2/accessors-smart-1.2.jar:/Users/luca.zammarchi/.m2/repository/org/ow2/asm/asm/5.0.4/asm-5.0.4.jar:/Users/luca.zammarchi/.m2/repository/jakarta/xml/bind/jakarta.xml.bind-api/2.3.3/jakarta.xml.bind-api-2.3.3.jar:/Users/luca.zammarchi/.m2/repository/org/assertj/assertj-core/3.16.1/assertj-core-3.16.1.jar:/Users/luca.zammarchi/.m2/repository/org/hamcrest/hamcrest/2.2/hamcrest-2.2.jar:/Users/luca.zammarchi/.m2/repository/org/junit/jupiter/junit-jupiter/5.6.3/junit-jupiter-5.6.3.jar:/Users/luca.zammarchi/.m2/repository/org/junit/jupiter/junit-jupiter-api/5.6.3/junit-jupiter-api-5.6.3.jar:/Users/luca.zammarchi/.m2/repository/org/apiguardian/apiguardian-api/1.1.0/apiguardian-api-1.1.0.jar:/Users/luca.zammarchi/.m2/repository/org/opentest4j/opentest4j/1.2.0/opentest4j-1.2.0.jar:/Users/luca.zammarchi/.m2/repository/org/junit/platform/junit-platform-commons/1.6.3/junit-platform-commons-1.6.3.jar:/Users/luca.zammarchi/.m2/repository/org/junit/jupiter/junit-jupiter-params/5.6.3/junit-jupiter-params-5.6.3.jar:/Users/luca.zammarchi/.m2/repository/org/junit/jupiter/junit-jupiter-engine/5.6.3/junit-jupiter-engine-5.6.3.jar:/Users/luca.zammarchi/.m2/repository/org/junit/platform/junit-platform-engine/1.6.3/junit-platform-engine-1.6.3.jar:/Users/luca.zammarchi/.m2/repository/org/mockito/mockito-core/3.3.3/mockito-core-3.3.3.jar:/Users/luca.zammarchi/.m2/repository/net/bytebuddy/byte-buddy/1.10.17/byte-buddy-1.10.17.jar:/Users/luca.zammarchi/.m2/repository/net/bytebuddy/byte-buddy-agent/1.10.17/byte-buddy-agent-1.10.17.jar:/Users/luca.zammarchi/.m2/repository/org/objenesis/objenesis/2.6/objenesis-2.6.jar:/Users/luca.zammarchi/.m2/repository/org/mockito/mockito-junit-jupiter/3.3.3/mockito-junit-jupiter-3.3.3.jar:/Users/luca.zammarchi/.m2/repository/org/skyscreamer/jsonassert/1.5.0/jsonassert-1.5.0.jar:/Users/luca.zammarchi/.m2/repository/com/vaadin/external/google/android-json/0.0.20131108.vaadin1/android-json-0.0.20131108.vaadin1.jar:/Users/luca.zammarchi/.m2/repository/org/springframework/spring-test/5.2.10.RELEASE/spring-test-5.2.10.RELEASE.jar:/Users/luca.zammarchi/.m2/repository/org/xmlunit/xmlunit-core/2.7.0/xmlunit-core-2.7.0.jar:/Users/luca.zammarchi/.m2/repository/org/springframework/boot/spring-boot-starter-log4j2/2.3.5.RELEASE/spring-boot-starter-log4j2-2.3.5.RELEASE.jar:/Users/luca.zammarchi/.m2/repository/org/apache/logging/log4j/log4j-slf4j-impl/2.13.3/log4j-slf4j-impl-2.13.3.jar:/Users/luca.zammarchi/.m2/repository/org/apache/logging/log4j/log4j-api/2.13.3/log4j-api-2.13.3.jar:/Users/luca.zammarchi/.m2/repository/org/apache/logging/log4j/log4j-core/2.13.3/log4j-core-2.13.3.jar:/Users/luca.zammarchi/.m2/repository/org/apache/logging/log4j/log4j-jul/2.13.3/log4j-jul-2.13.3.jar:/Users/luca.zammarchi/.m2/repository/org/slf4j/jul-to-slf4j/1.7.30/jul-to-slf4j-1.7.30.jar:"/>
    <property name="sun.cpu.endian" value="little"/>
    <property name="user.home" value="/Users/luca.zammarchi"/>
    <property name="user.language" value="it"/>
    <property name="java.specification.vendor" value="Oracle Corporation"/>
    <property name="java.home" value="/Library/Java/JavaVirtualMachines/jdk1.8.0_251.jdk/Contents/Home/jre"/>
    <property name="basedir" value="/Users/luca.zammarchi/Downloads/personal/ham-radio-log-ms"/>
    <property name="file.separator" value="/"/>
    <property name="line.separator" value="&#10;"/>
    <property name="java.vm.specification.vendor" value="Oracle Corporation"/>
    <property name="java.specification.name" value="Java Platform API Specification"/>
    <property name="java.awt.graphicsenv" value="sun.awt.CGraphicsEnvironment"/>
    <property name="surefire.real.class.path" value="/Users/luca.zammarchi/Downloads/personal/ham-radio-log-ms/target/surefire/surefirebooter400178832671744371.jar"/>
    <property name="sun.boot.class.path" value="/Library/Java/JavaVirtualMachines/jdk1.8.0_251.jdk/Contents/Home/jre/lib/resources.jar:/Library/Java/JavaVirtualMachines/jdk1.8.0_251.jdk/Contents/Home/jre/lib/rt.jar:/Library/Java/JavaVirtualMachines/jdk1.8.0_251.jdk/Contents/Home/jre/lib/sunrsasign.jar:/Library/Java/JavaVirtualMachines/jdk1.8.0_251.jdk/Contents/Home/jre/lib/jsse.jar:/Library/Java/JavaVirtualMachines/jdk1.8.0_251.jdk/Contents/Home/jre/lib/jce.jar:/Library/Java/JavaVirtualMachines/jdk1.8.0_251.jdk/Contents/Home/jre/lib/charsets.jar:/Library/Java/JavaVirtualMachines/jdk1.8.0_251.jdk/Contents/Home/jre/lib/jfr.jar:/Library/Java/JavaVirtualMachines/jdk1.8.0_251.jdk/Contents/Home/jre/classes"/>
    <property name="sun.management.compiler" value="HotSpot 64-Bit Tiered Compilers"/>
    <property name="ftp.nonProxyHosts" value="local|*.local|169.254/16|*.169.254/16"/>
    <property name="java.runtime.version" value="1.8.0_251-b08"/>
    <property name="user.name" value="luca.zammarchi"/>
    <property name="path.separator" value=":"/>
    <property name="os.version" value="10.15.7"/>
    <property name="java.endorsed.dirs" value="/Library/Java/JavaVirtualMachines/jdk1.8.0_251.jdk/Contents/Home/jre/lib/endorsed"/>
    <property name="java.runtime.name" value="Java(TM) SE Runtime Environment"/>
    <property name="file.encoding" value="UTF-8"/>
    <property name="java.vm.name" value="Java HotSpot(TM) 64-Bit Server VM"/>
    <property name="localRepository" value="/Users/luca.zammarchi/.m2/repository"/>
    <property name="java.vendor.url.bug" value="http://bugreport.sun.com/bugreport/"/>
    <property name="java.io.tmpdir" value="/var/folders/cy/2_t14mvj60zd076439vdy0r00000gq/T/"/>
    <property name="java.version" value="1.8.0_251"/>
    <property name="user.dir" value="/Users/luca.zammarchi/Downloads/personal/ham-radio-log-ms"/>
    <property name="os.arch" value="x86_64"/>
    <property name="java.vm.specification.name" value="Java Virtual Machine Specification"/>
    <property name="java.awt.printerjob" value="sun.lwawt.macosx.CPrinterJob"/>
    <property name="sun.os.patch.level" value="unknown"/>
    <property name="java.library.path" value="/Users/luca.zammarchi/Library/Java/Extensions:/Library/Java/Extensions:/Network/Library/Java/Extensions:/System/Library/Java/Extensions:/usr/lib/java:."/>
    <property name="java.vm.info" value="mixed mode"/>
    <property name="java.vendor" value="Oracle Corporation"/>
    <property name="java.vm.version" value="25.251-b08"/>
    <property name="java.ext.dirs" value="/Users/luca.zammarchi/Library/Java/Extensions:/Library/Java/JavaVirtualMachines/jdk1.8.0_251.jdk/Contents/Home/jre/lib/ext:/Library/Java/Extensions:/Network/Library/Java/Extensions:/System/Library/Java/Extensions:/usr/lib/java"/>
    <property name="sun.io.unicode.encoding" value="UnicodeBig"/>
    <property name="java.class.version" value="52.0"/>
    <property name="socksNonProxyHosts" value="local|*.local|169.254/16|*.169.254/16"/>
  </properties>
  <testcase name="contextLoads" classname="net.zammarchi.hamradiolog.HamRadioLogApplicationTests" time="0.163"/>
</testsuite>